<?xml version="1.0" encoding="UTF-8"?>
<!-- Generated by org.testng.reporters.JUnitReportReporter -->
<testsuite hostname="Onkar" failures="0" tests="3" name="rahulshettyacademy.tests.SubmitOrderTest" time="59.499" errors="0" timestamp="2024-10-26T21:35:09 IST" skipped="0">
  <testcase classname="rahulshettyacademy.tests.SubmitOrderTest" name="submitOrder" time="23.182"/>
  <testcase classname="rahulshettyacademy.tests.SubmitOrderTest" name="orderHistoryTest" time="8.411"/>
  <testcase classname="rahulshettyacademy.tests.SubmitOrderTest" name="submitOrder" time="27.906"/>
</testsuite> <!-- rahulshettyacademy.tests.SubmitOrderTest -->
